Copyright 1986-2018 Xilinx, Inc. All Rights Reserved.
----------------------------------------------------------------------------------------------------------------------------------------------------
| Tool Version     : Vivado v.2018.3 (win64) Build 2405991 Thu Dec  6 23:38:27 MST 2018
| Date             : Thu Nov 21 11:44:19 2019
| Host             : DELLLAPTOPMAES running 64-bit major release  (build 9200)
| Command          : report_power -file Controller_power_routed.rpt -pb Controller_power_summary_routed.pb -rpx Controller_power_routed.rpx
| Design           : Controller
| Device           : xc7a100tcsg324-1
| Design State     : routed
| Grade            : commercial
| Process          : typical
| Characterization : Production
----------------------------------------------------------------------------------------------------------------------------------------------------

Power Report

Table of Contents
-----------------
1. Summary
1.1 On-Chip Components
1.2 Power Supply Summary
1.3 Confidence Level
2. Settings
2.1 Environment
2.2 Clock Constraints
3. Detailed Reports
3.1 By Hierarchy

1. Summary
----------

+--------------------------+--------------+
| Total On-Chip Power (W)  | 0.237        |
| Design Power Budget (W)  | Unspecified* |
| Power Budget Margin (W)  | NA           |
| Dynamic (W)              | 0.137        |
| Device Static (W)        | 0.100        |
| Effective TJA (C/W)      | 4.6          |
| Max Ambient (C)          | 83.9         |
| Junction Temperature (C) | 26.1         |
| Confidence Level         | Medium       |
| Setting File             | ---          |
| Simulation Activity File | ---          |
| Design Nets Matched      | NA           |
+--------------------------+--------------+
* Specify Design Power Budget using, set_operating_conditions -design_power_budget <value in Watts>


1.1 On-Chip Components
----------------------

+----------------+-----------+----------+-----------+-----------------+
| On-Chip        | Power (W) | Used     | Available | Utilization (%) |
+----------------+-----------+----------+-----------+-----------------+
| Clocks         |     0.004 |        6 |       --- |             --- |
| Slice Logic    |    <0.001 |      697 |       --- |             --- |
|   LUT as Logic |    <0.001 |      250 |     63400 |            0.39 |
|   CARRY4       |    <0.001 |       34 |     15850 |            0.21 |
|   Register     |    <0.001 |      166 |    126800 |            0.13 |
|   F7/F8 Muxes  |    <0.001 |        6 |     63400 |           <0.01 |
|   Others       |     0.000 |      179 |       --- |             --- |
| Signals        |    <0.001 |      589 |       --- |             --- |
| Block RAM      |     0.016 |       57 |       135 |           42.22 |
| MMCM           |     0.115 |        1 |         6 |           16.67 |
| DSPs           |    <0.001 |        2 |       240 |            0.83 |
| I/O            |     0.001 |       15 |       210 |            7.14 |
| Static Power   |     0.100 |          |           |                 |
| Total          |     0.237 |          |           |                 |
+----------------+-----------+----------+-----------+-----------------+


1.2 Power Supply Summary
------------------------

+-----------+-------------+-----------+-------------+------------+
| Source    | Voltage (V) | Total (A) | Dynamic (A) | Static (A) |
+-----------+-------------+-----------+-------------+------------+
| Vccint    |       1.000 |     0.036 |       0.019 |      0.017 |
| Vccaux    |       1.800 |     0.082 |       0.064 |      0.018 |
| Vcco33    |       3.300 |     0.004 |       0.000 |      0.004 |
| Vcco25    |       2.500 |     0.000 |       0.000 |      0.000 |
| Vcco18    |       1.800 |     0.000 |       0.000 |      0.000 |
| Vcco15    |       1.500 |     0.000 |       0.000 |      0.000 |
| Vcco135   |       1.350 |     0.000 |       0.000 |      0.000 |
| Vcco12    |       1.200 |     0.000 |       0.000 |      0.000 |
| Vccaux_io |       1.800 |     0.000 |       0.000 |      0.000 |
| Vccbram   |       1.000 |     0.003 |       0.001 |      0.002 |
| MGTAVcc   |       1.000 |     0.000 |       0.000 |      0.000 |
| MGTAVtt   |       1.200 |     0.000 |       0.000 |      0.000 |
| Vccadc    |       1.800 |     0.020 |       0.000 |      0.020 |
+-----------+-------------+-----------+-------------+------------+


1.3 Confidence Level
--------------------

+-----------------------------+------------+------------------------------------------------+------------------------------------------------------------------------------------------------------------+
| User Input Data             | Confidence | Details                                        | Action                                                                                                     |
+-----------------------------+------------+------------------------------------------------+------------------------------------------------------------------------------------------------------------+
| Design implementation state | High       | Design is routed                               |                                                                                                            |
| Clock nodes activity        | High       | User specified more than 95% of clocks         |                                                                                                            |
| I/O nodes activity          | High       | User specified more than 95% of inputs         |                                                                                                            |
| Internal nodes activity     | Medium     | User specified less than 25% of internal nodes | Provide missing internal nodes activity with simulation results or by editing the "By Resource Type" views |
| Device models               | High       | Device models are Production                   |                                                                                                            |
|                             |            |                                                |                                                                                                            |
| Overall confidence level    | Medium     |                                                |                                                                                                            |
+-----------------------------+------------+------------------------------------------------+------------------------------------------------------------------------------------------------------------+


2. Settings
-----------

2.1 Environment
---------------

+-----------------------+--------------------------+
| Ambient Temp (C)      | 25.0                     |
| ThetaJA (C/W)         | 4.6                      |
| Airflow (LFM)         | 250                      |
| Heat Sink             | medium (Medium Profile)  |
| ThetaSA (C/W)         | 4.6                      |
| Board Selection       | medium (10"x10")         |
| # of Board Layers     | 12to15 (12 to 15 Layers) |
| Board Temperature (C) | 25.0                     |
+-----------------------+--------------------------+


2.2 Clock Constraints
---------------------

+-------------------------+-----------------------------------+-----------------+
| Clock                   | Domain                            | Constraint (ns) |
+-------------------------+-----------------------------------+-----------------+
| PixelClk_ClockingWizard | cClk/inst/PixelClk_ClockingWizard |            39.7 |
| clkfbout_ClockingWizard | cClk/inst/clkfbout_ClockingWizard |            40.0 |
| sys_clk_pin             | CLK100MHZ                         |            10.0 |
| sys_clk_pin             | CLK100MHZ_IBUF_BUFG               |            10.0 |
+-------------------------+-----------------------------------+-----------------+


3. Detailed Reports
-------------------

3.1 By Hierarchy
----------------

+------------------------+-----------+
| Name                   | Power (W) |
+------------------------+-----------+
| Controller             |     0.137 |
|   cClk                 |     0.115 |
|     inst               |     0.115 |
|   cFramer              |     0.002 |
|     cTriGen            |     0.001 |
|   vidMemory            |     0.009 |
|     U0                 |     0.009 |
|       inst_blk_mem_gen |     0.009 |
|   vidMemory2           |     0.009 |
|     U0                 |     0.009 |
|       inst_blk_mem_gen |     0.009 |
+------------------------+-----------+


