Copyright 1986-2018 Xilinx, Inc. All Rights Reserved.
---------------------------------------------------------------------------------------
| Tool Version : Vivado v.2018.3 (win64) Build 2405991 Thu Dec  6 23:38:27 MST 2018
| Date         : Thu Nov 21 11:43:33 2019
| Host         : DELLLAPTOPMAES running 64-bit major release  (build 9200)
| Command      : report_control_sets -verbose -file Controller_control_sets_placed.rpt
| Design       : Controller
| Device       : xc7a100t
---------------------------------------------------------------------------------------

Control Set Information

Table of Contents
-----------------
1. Summary
2. Histogram
3. Flip-Flop Distribution
4. Detailed Control Set Information

1. Summary
----------

+----------------------------------------------------------+-------+
|                          Status                          | Count |
+----------------------------------------------------------+-------+
| Number of unique control sets                            |    10 |
| Unused register locations in slices containing registers |    34 |
+----------------------------------------------------------+-------+


2. Histogram
------------

+--------+--------------+
| Fanout | Control Sets |
+--------+--------------+
|      4 |            2 |
|      5 |            1 |
|     10 |            1 |
|     13 |            1 |
|    16+ |            5 |
+--------+--------------+


3. Flip-Flop Distribution
-------------------------

+--------------+-----------------------+------------------------+-----------------+--------------+
| Clock Enable | Synchronous Set/Reset | Asynchronous Set/Reset | Total Registers | Total Slices |
+--------------+-----------------------+------------------------+-----------------+--------------+
| No           | No                    | No                     |              43 |           23 |
| No           | No                    | Yes                    |               0 |            0 |
| No           | Yes                   | No                     |              10 |            3 |
| Yes          | No                    | No                     |             109 |           31 |
| Yes          | No                    | Yes                    |               0 |            0 |
| Yes          | Yes                   | No                     |               4 |            2 |
+--------------+-----------------------+------------------------+-----------------+--------------+


4. Detailed Control Set Information
-----------------------------------

+----------------------+----------------------------------------------------------------------------------------------------+------------------+------------------+----------------+
|     Clock Signal     |                                            Enable Signal                                           | Set/Reset Signal | Slice Load Count | Bel Load Count |
+----------------------+----------------------------------------------------------------------------------------------------+------------------+------------------+----------------+
|  cClk/inst/PixelClk  | cVSync/HS/E[0]                                                                                     | cVSync/HS/SR[0]  |                2 |              4 |
|  CLK100MHZ_IBUF_BUFG | cFramer/cTriGen/E[0]                                                                               |                  |                2 |              4 |
|  cClk/inst/PixelClk  | cVSync/HS/E[0]                                                                                     |                  |                2 |              5 |
|  cClk/inst/PixelClk  |                                                                                                    | cVSync/HS/clear  |                3 |             10 |
|  CLK100MHZ_IBUF_BUFG |                                                                                                    |                  |                6 |             13 |
|  CLK100MHZ_IBUF_BUFG | cFramer/cTriGen/cFIFO/U0/inst_fifo_gen/gconvfifo.rf/grf.rf/gntv_or_sync_fifo.gl0.rd/grss.rsts/E[0] |                  |                6 |             18 |
|  CLK100MHZ_IBUF_BUFG | cFramer/cTriGen/cFIFO/U0/inst_fifo_gen/gconvfifo.rf/grf.rf/gntv_or_sync_fifo.gl0.wr/gwss.wsts/E[0] |                  |                5 |             18 |
|  cClk/inst/PixelClk  |                                                                                                    |                  |               17 |             30 |
|  CLK100MHZ_IBUF_BUFG | cFramer/__0                                                                                        |                  |                8 |             32 |
|  CLK100MHZ_IBUF_BUFG | cFramer/xB                                                                                         |                  |                8 |             32 |
+----------------------+----------------------------------------------------------------------------------------------------+------------------+------------------+----------------+


